[21Sep2024 03:17:28.569] [main/INFO] [cpw.mods.modlauncher.Launcher/MODLAUNCHER]: ModLauncher running: args [--launchTarget, forgeclientuserdev, --version, 20.6.117, --assetIndex, asset-index, --assetsDir, C:\Users\User\.mcreator\gradle\caches\minecraft\assets\1.20.6, --gameDir, ., --fml.neoForgeVersion, 20.6.117, --fml.fmlVersion, 3.0.45, --fml.mcVersion, 1.20.6, --fml.neoFormVersion, 20240429.153634]
[21Sep2024 03:17:28.572] [main/INFO] [cpw.mods.modlauncher.Launcher/MODLAUNCHER]: JVM identified as Eclipse Adoptium OpenJDK 64-Bit Server VM 21.0.3+9-LTS
[21Sep2024 03:17:28.573] [main/INFO] [cpw.mods.modlauncher.Launcher/MODLAUNCHER]: ModLauncher 11.0.2+main.4612c65f starting: java version 21.0.3 by Eclipse Adoptium; OS Windows 10 arch amd64 version 10.0
[21Sep2024 03:17:28.649] [main/WARN] [net.neoforged.fml.loading.FMLConfig/CORE]: Configuration file C:\Users\User\Desktop\McreatoModProjects\LeatherCraft\fd\runs\client\config\fml.toml is not correct. Correcting
[21Sep2024 03:17:28.650] [main/INFO] [net.neoforged.fml.loading.FMLConfig/CORE]: Incorrect key [disableConfigWatcher] was corrected from null to false
[21Sep2024 03:17:28.650] [main/INFO] [net.neoforged.fml.loading.FMLConfig/CORE]: Incorrect key [earlyWindowSkipGLVersions] was corrected from null to []
[21Sep2024 03:17:28.650] [main/INFO] [net.neoforged.fml.loading.FMLConfig/CORE]: Incorrect key [earlyWindowSquir] was corrected from null to false
[21Sep2024 03:17:28.678] [main/INFO] [net.neoforged.fml.loading.ImmediateWindowHandler/]: Loading ImmediateWindowProvider fmlearlywindow
[21Sep2024 03:17:28.781] [main/INFO] [EARLYDISPLAY/]: Trying GL version 4.6
[21Sep2024 03:17:29.078] [main/INFO] [EARLYDISPLAY/]: Requested GL version 4.6 got version 4.6
[21Sep2024 03:17:29.160] [main/INFO] [mixin/]: SpongePowered MIXIN Subsystem Version=0.8.5 Source=union:/C:/Users/User/.mcreator/gradle/caches/modules-2/files-2.1/net.fabricmc/sponge-mixin/0.13.4+mixin.0.8.5/8adf0cff1795a169141b9e16ad7b9f6e2527a990/sponge-mixin-0.13.4+mixin.0.8.5.jar%23136!/ Service=ModLauncher Env=CLIENT
[21Sep2024 03:17:29.383] [pool-2-thread-1/INFO] [EARLYDISPLAY/]: GL info: NVIDIA GeForce RTX 2070 SUPER/PCIe/SSE2 GL version 4.6.0 NVIDIA 546.01, NVIDIA Corporation
[21Sep2024 03:17:29.472] [main/INFO] [net.neoforged.fml.loading.moddiscovery.ModDiscoverer/SCAN]: Found mod file "neoforge-20.6.117.jar" [locator: neoforge devenv provider ([C:\Users\User\Desktop\McreatoModProjects\LeatherCraft\fd\.gradle\repositories\ng_dummy_ng\net\neoforged\neoforge\20.6.117\neoforge-20.6.117.jar])]
[21Sep2024 03:17:29.488] [main/INFO] [net.neoforged.fml.loading.moddiscovery.ModDiscoverer/SCAN]: Found mod file "neoforge-20.6.117.jar" [locator: neoforge devenv provider ([C:\Users\User\Desktop\McreatoModProjects\LeatherCraft\fd\.gradle\repositories\ng_dummy_ng\net\neoforged\neoforge\20.6.117\neoforge-20.6.117.jar])]
[21Sep2024 03:17:29.501] [main/INFO] [net.neoforged.fml.loading.moddiscovery.ModDiscoverer/SCAN]: Found mod file "main" [locator: userdev mods and services, reader: mod manifest]
[21Sep2024 03:17:29.516] [main/INFO] [net.neoforged.fml.loading.moddiscovery.ModDiscoverer/SCAN]: Found mod file "neoforge-20.6.117.jar" [locator: userdev mods and services, reader: mod manifest]
[21Sep2024 03:17:29.565] [main/INFO] [net.neoforged.fml.loading.moddiscovery.ModDiscoverer/SCAN]: Found gamelibrary file "mixinextras-neoforge-0.3.5.jar" [locator: userdev mods and services, reader: mod manifest]
[21Sep2024 03:17:29.756] [main/WARN] [net.neoforged.jarjar.selection.JarSelector/]: Attempted to select a dependency jar for JarJar which was passed in as source: mixinextras-neoforge-0.3.5.jar. Using Mod File: C:\Users\User\.mcreator\gradle\caches\modules-2\files-2.1\io.github.llamalad7\mixinextras-neoforge\0.3.5\ef3ffcf309dae656517b2f120189b1c9b21737dd\mixinextras-neoforge-0.3.5.jar
[21Sep2024 03:17:29.756] [main/INFO] [net.neoforged.fml.loading.moddiscovery.locators.JarInJarDependencyLocator/]: No dependencies to load found. Skipping!
[21Sep2024 03:17:29.914] [main/INFO] [net.neoforged.fml.loading.FMLServiceProvider/CORE]: Loading coremod script-engine for [neoforge]
[21Sep2024 03:17:30.720] [main/INFO] [cpw.mods.modlauncher.LaunchServiceHandler/MODLAUNCHER]: Launching target 'forgeclientuserdev' with arguments [--version, 20.6.117, --gameDir, ., --assetsDir, C:\Users\User\.mcreator\gradle\caches\minecraft\assets\1.20.6, --assetIndex, asset-index]
[21Sep2024 03:17:31.865] [main/WARN] [oshi.util.platform.windows.PerfDataUtil/]: Failed to add PDH Counter: \Paging File(_Total)\% Usage, Error code: 0xC0000BB8
[21Sep2024 03:17:31.865] [main/WARN] [oshi.util.platform.windows.PerfCounterQueryHandler/]: Failed to add counter for PDH counter: \Paging File(_Total)\% Usage
[21Sep2024 03:17:31.865] [main/WARN] [oshi.util.platform.windows.PerfCounterQuery/]: Disabling further attempts to query Paging File.
[21Sep2024 03:17:33.120] [main/WARN] [oshi.util.platform.windows.WmiQueryHandler/]: COM exception: Invalid Query: SELECT PERCENTUSAGE FROM Win32_PerfRawData_PerfOS_PagingFile
[21Sep2024 03:17:36.258] [Datafixer Bootstrap/INFO] [com.mojang.datafixers.DataFixerBuilder/]: 225 Datafixer optimizations took 296 milliseconds
[21Sep2024 03:17:38.594] [main/WARN] [net.minecraft.commands.Commands/]: Ambiguity between arguments [teleport, location] and [teleport, destination] with inputs: [0.1 -0.5 .9, 0 0 0]
[21Sep2024 03:17:38.596] [main/WARN] [net.minecraft.commands.Commands/]: Ambiguity between arguments [teleport, location] and [teleport, targets] with inputs: [0.1 -0.5 .9, 0 0 0]
[21Sep2024 03:17:38.599] [main/WARN] [net.minecraft.commands.Commands/]: Ambiguity between arguments [teleport, destination] and [teleport, targets] with inputs: [Player, 0123, @e, dd12be42-52a9-4a91-a8a1-11c01849e498]
[21Sep2024 03:17:38.600] [main/WARN] [net.minecraft.commands.Commands/]: Ambiguity between arguments [teleport, targets] and [teleport, destination] with inputs: [Player, 0123, dd12be42-52a9-4a91-a8a1-11c01849e498]
[21Sep2024 03:17:38.601] [main/WARN] [net.minecraft.commands.Commands/]: Ambiguity between arguments [teleport, targets, location] and [teleport, targets, destination] with inputs: [0.1 -0.5 .9, 0 0 0]
[21Sep2024 03:17:38.727] [Render thread/WARN] [net.minecraft.server.packs.VanillaPackResourcesBuilder/]: Assets URL 'union:/C:/Users/User/Desktop/McreatoModProjects/LeatherCraft/fd/.gradle/repositories/ng_dummy_ng/net/neoforged/neoforge/20.6.117/neoforge-20.6.117.jar%23192!/assets/.mcassetsroot' uses unexpected schema
[21Sep2024 03:17:38.727] [Render thread/WARN] [net.minecraft.server.packs.VanillaPackResourcesBuilder/]: Assets URL 'union:/C:/Users/User/Desktop/McreatoModProjects/LeatherCraft/fd/.gradle/repositories/ng_dummy_ng/net/neoforged/neoforge/20.6.117/neoforge-20.6.117.jar%23192!/data/.mcassetsroot' uses unexpected schema
[21Sep2024 03:17:38.754] [Render thread/INFO] [com.mojang.authlib.yggdrasil.YggdrasilAuthenticationService/]: Environment: Environment[sessionHost=https://sessionserver.mojang.com, servicesHost=https://api.minecraftservices.com, name=PROD]
[21Sep2024 03:17:38.761] [Render thread/INFO] [net.minecraft.client.Minecraft/]: Setting user: Dev
[21Sep2024 03:17:38.861] [Render thread/INFO] [net.minecraft.client.Minecraft/]: Backend library: LWJGL version 3.3.3+5
[21Sep2024 03:17:39.082] [modloading-worker-0/INFO] [net.neoforged.neoforge.common.NeoForgeMod/NEOFORGE-MOD]: NeoForge mod loading, version 20.6.117, for MC 1.20.6
[21Sep2024 03:17:39.692] [Render thread/INFO] [net.neoforged.neoforge.gametest.GameTestHooks/]: Enabled Gametest Namespaces: []
[21Sep2024 03:17:39.830] [Render thread/INFO] [net.minecraft.server.packs.resources.ReloadableResourceManager/]: Reloading ResourceManager: vanilla, mod_resources, mod/neoforge, mod/leather_craft
[21Sep2024 03:17:39.918] [Worker-Main-3/INFO] [net.minecraft.client.gui.font.providers.UnihexProvider/]: Found unifont_all_no_pua-15.1.04.hex, loading
[21Sep2024 03:17:39.929] [Render thread/WARN] [net.neoforged.neoforge.common.ModConfigSpec/CORE]: Configuration file C:\Users\User\Desktop\McreatoModProjects\LeatherCraft\fd\runs\client\config\neoforge-client.toml is not correct. Correcting
[21Sep2024 03:17:39.931] [Render thread/WARN] [net.neoforged.neoforge.common.ModConfigSpec/CORE]: Incorrect key client was corrected from null to its default, SimpleCommentedConfig:{}. 
[21Sep2024 03:17:39.932] [Render thread/WARN] [net.neoforged.neoforge.common.ModConfigSpec/CORE]: Incorrect key client.experimentalForgeLightPipelineEnabled was corrected from null to its default, false. 
[21Sep2024 03:17:39.932] [Render thread/WARN] [net.neoforged.neoforge.common.ModConfigSpec/CORE]: Incorrect key client.showLoadWarnings was corrected from null to its default, true. 
[21Sep2024 03:17:39.932] [Render thread/WARN] [net.neoforged.neoforge.common.ModConfigSpec/CORE]: Incorrect key client.useCombinedDepthStencilAttachment was corrected from null to its default, false. 
[21Sep2024 03:17:39.960] [Render thread/WARN] [net.neoforged.neoforge.common.ModConfigSpec/CORE]: Configuration file C:\Users\User\Desktop\McreatoModProjects\LeatherCraft\fd\runs\client\config\neoforge-common.toml is not correct. Correcting
[21Sep2024 03:17:39.962] [Render thread/WARN] [net.neoforged.neoforge.common.ModConfigSpec/CORE]: Incorrect key general was corrected from null to its default, SimpleCommentedConfig:{}. 
[21Sep2024 03:17:39.962] [Render thread/WARN] [net.neoforged.neoforge.common.ModConfigSpec/CORE]: Incorrect key general.logUntranslatedItemTagWarnings was corrected from null to its default, SILENCED. 
[21Sep2024 03:17:39.962] [Render thread/WARN] [net.neoforged.neoforge.common.ModConfigSpec/CORE]: Incorrect key general.logLegacyTagWarnings was corrected from null to its default, DEV_SHORT. 
[21Sep2024 03:17:40.081] [Worker-Main-2/INFO] [net.minecraft.client.gui.font.providers.UnihexProvider/]: Found unifont_jp_patch-15.1.04.hex, loading
[21Sep2024 03:17:40.112] [Forge Version Check/INFO] [net.neoforged.fml.VersionChecker/]: [leather_craft] Starting version check at https://api.cfwidget.com/624669
[21Sep2024 03:17:40.527] [Forge Version Check/WARN] [net.neoforged.fml.VersionChecker/]: Failed to process update information
java.lang.NullPointerException: Cannot invoke "java.util.Map.get(Object)" because "promos" is null
	at MC-BOOTSTRAP/fml_loader@3.0.45/net.neoforged.fml.VersionChecker$1.process(VersionChecker.java:173) ~[loader-3.0.45.jar%23145!/:3.0]
	at java.base/java.lang.Iterable.forEach(Iterable.java:75) [?:?]
	at MC-BOOTSTRAP/fml_loader@3.0.45/net.neoforged.fml.VersionChecker$1.run(VersionChecker.java:105) [loader-3.0.45.jar%23145!/:3.0]
[21Sep2024 03:17:41.402] [Render thread/WARN] [net.minecraft.client.sounds.SoundEngine/]: Missing sound for event: minecraft:item.goat_horn.play
[21Sep2024 03:17:41.402] [Render thread/WARN] [net.minecraft.client.sounds.SoundEngine/]: Missing sound for event: minecraft:entity.goat.screaming.horn_break
[21Sep2024 03:17:41.510] [Render thread/INFO] [com.mojang.blaze3d.audio.Library/]: OpenAL initialized on device OpenAL Soft on Headphones (High Definition Audio Device)
[21Sep2024 03:17:41.511] [Render thread/INFO] [net.minecraft.client.sounds.SoundEngine/SOUNDS]: Sound engine started
[21Sep2024 03:17:41.606] [Render thread/INFO] [net.minecraft.client.renderer.texture.TextureAtlas/]: Created: 1024x512x2 minecraft:textures/atlas/blocks.png-atlas
[21Sep2024 03:17:41.613] [Render thread/INFO] [net.minecraft.client.renderer.texture.TextureAtlas/]: Created: 256x256x2 minecraft:textures/atlas/signs.png-atlas
[21Sep2024 03:17:41.613] [Render thread/INFO] [net.minecraft.client.renderer.texture.TextureAtlas/]: Created: 512x512x2 minecraft:textures/atlas/shield_patterns.png-atlas
[21Sep2024 03:17:41.614] [Render thread/INFO] [net.minecraft.client.renderer.texture.TextureAtlas/]: Created: 512x512x2 minecraft:textures/atlas/banner_patterns.png-atlas
[21Sep2024 03:17:41.614] [Render thread/INFO] [net.minecraft.client.renderer.texture.TextureAtlas/]: Created: 1024x1024x2 minecraft:textures/atlas/armor_trims.png-atlas
[21Sep2024 03:17:41.617] [Render thread/INFO] [net.minecraft.client.renderer.texture.TextureAtlas/]: Created: 128x64x2 minecraft:textures/atlas/decorated_pot.png-atlas
[21Sep2024 03:17:41.618] [Render thread/INFO] [net.minecraft.client.renderer.texture.TextureAtlas/]: Created: 256x256x2 minecraft:textures/atlas/chest.png-atlas
[21Sep2024 03:17:41.618] [Render thread/INFO] [net.minecraft.client.renderer.texture.TextureAtlas/]: Created: 512x256x2 minecraft:textures/atlas/shulker_boxes.png-atlas
[21Sep2024 03:17:41.618] [Render thread/INFO] [net.minecraft.client.renderer.texture.TextureAtlas/]: Created: 512x256x2 minecraft:textures/atlas/beds.png-atlas
[21Sep2024 03:17:41.806] [Render thread/INFO] [net.minecraft.client.renderer.texture.TextureAtlas/]: Created: 512x256x0 minecraft:textures/atlas/particles.png-atlas
[21Sep2024 03:17:41.808] [Render thread/INFO] [net.minecraft.client.renderer.texture.TextureAtlas/]: Created: 256x256x0 minecraft:textures/atlas/paintings.png-atlas
[21Sep2024 03:17:41.808] [Render thread/INFO] [net.minecraft.client.renderer.texture.TextureAtlas/]: Created: 256x128x0 minecraft:textures/atlas/mob_effects.png-atlas
[21Sep2024 03:17:41.808] [Render thread/INFO] [net.minecraft.client.renderer.texture.TextureAtlas/]: Created: 64x64x0 minecraft:textures/atlas/map_decorations.png-atlas
[21Sep2024 03:17:41.808] [Render thread/INFO] [net.minecraft.client.renderer.texture.TextureAtlas/]: Created: 1024x512x0 minecraft:textures/atlas/gui.png-atlas
[21Sep2024 03:17:41.831] [Render thread/WARN] [net.minecraft.client.renderer.ShaderInstance/]: Shader rendertype_entity_translucent_emissive could not find sampler named Sampler2 in the specified shader program.
